c:\users\lukinator1\desktop\engine\the super suspension system\project2\project2\x64\debug\vc141.pdb
c:\users\lukinator1\desktop\engine\the super suspension system\project2\project2\x64\debug\vc141.idb
c:\users\lukinator1\desktop\engine\the super suspension system\project2\project2\x64\debug\main.obj
c:\users\lukinator1\desktop\engine\the super suspension system\project2\project2\x64\debug\messaging.obj
c:\users\lukinator1\desktop\engine\the super suspension system\project2\project2\x64\debug\message.obj
c:\users\lukinator1\desktop\engine\the super suspension system\project2\project2\x64\debug\input.obj
c:\users\lukinator1\desktop\engine\the super suspension system\project2\project2\x64\debug\window.obj
c:\users\lukinator1\desktop\engine\the super suspension system\project2\project2\x64\debug\memorymanager.obj
c:\users\lukinator1\desktop\engine\the super suspension system\project2\project2\x64\debug\logger.obj
c:\users\lukinator1\desktop\engine\the super suspension system\project2\project2\x64\debug\time.obj
c:\users\lukinator1\desktop\engine\the super suspension system\project2\project2\x64\debug\math.obj
c:\users\lukinator1\desktop\engine\the super suspension system\project2\project2\x64\debug\vertex.obj
c:\users\lukinator1\desktop\engine\the super suspension system\project2\project2\x64\debug\vector3.obj
c:\users\lukinator1\desktop\engine\the super suspension system\project2\project2\x64\debug\mesh.obj
c:\users\lukinator1\desktop\engine\the super suspension system\project2\project2\x64\debug\game.obj
c:\users\lukinator1\desktop\engine\the super suspension system\project2\project2\x64\debug\shader.obj
c:\users\lukinator1\desktop\engine\the super suspension system\project2\project2\x64\debug\matrix4f.obj
c:\users\lukinator1\desktop\engine\the super suspension system\project2\project2\x64\debug\transforming.obj
c:\users\lukinator1\desktop\engine\the super suspension system\project2\project2\x64\debug\modelloader.obj
c:\users\lukinator1\desktop\engine\the super suspension system\project2\project2\x64\debug\quaternion.obj
c:\users\lukinator1\desktop\engine\the super suspension system\project2\project2\x64\debug\camera.obj
c:\users\lukinator1\desktop\engine\the super suspension system\project2\project2\x64\debug\vector2.obj
c:\users\lukinator1\desktop\engine\the super suspension system\project2\project2\x64\debug\texture.obj
c:\users\lukinator1\desktop\engine\the super suspension system\project2\project2\x64\debug\rendering.obj
c:\users\lukinator1\desktop\engine\the super suspension system\project2\project2\x64\debug\phongshader.obj
c:\users\lukinator1\desktop\engine\the super suspension system\project2\project2\x64\debug\materials.obj
c:\users\lukinator1\desktop\engine\the super suspension system\project2\project2\x64\debug\light.obj
c:\users\lukinator1\desktop\engine\the super suspension system\project2\project2\x64\debug\directionallight.obj
c:\users\lukinator1\desktop\engine\the super suspension system\project2\project2\x64\debug\pointlight.obj
c:\users\lukinator1\desktop\engine\the super suspension system\project2\project2\x64\debug\spotlight.obj
c:\users\lukinator1\desktop\engine\the super suspension system\project2\project2\x64\debug\engine.obj
c:\users\lukinator1\desktop\engine\the super suspension system\project2\project2\x64\debug\thegame.obj
c:\users\lukinator1\desktop\engine\the super suspension system\project2\project2\x64\debug\scene.obj
c:\users\lukinator1\desktop\engine\the super suspension system\project2\project2\x64\debug\entity.obj
c:\users\lukinator1\desktop\engine\the super suspension system\project2\project2\x64\debug\meshrenderer.obj
c:\users\lukinator1\desktop\engine\the super suspension system\project2\project2\x64\debug\component.obj
c:\users\lukinator1\desktop\engine\the super suspension system\project2\project2\x64\debug\messagesystem.obj
c:\users\lukinator1\desktop\engine\the super suspension system\project2\project2\x64\debug\rendermanager.obj
c:\users\lukinator1\desktop\engine\the super suspension system\project2\project2\x64\debug\skybox.obj
c:\users\lukinator1\desktop\engine\the super suspension system\project2\project2\x64\debug\rendertext.obj
c:\users\lukinator1\desktop\engine\the super suspension system\project2\project2\x64\debug\console.obj
c:\users\lukinator1\desktop\engine\the super suspension system\project2\project2\x64\debug\textrenderer.obj
c:\users\lukinator1\desktop\engine\the super suspension system\project2\project2\x64\debug\resourcemanager.obj
c:\users\lukinator1\desktop\engine\the super suspension system\project2\project2\x64\debug\directionallightc.obj
c:\users\lukinator1\desktop\engine\the super suspension system\project2\project2\x64\debug\boundingsphere.obj
c:\users\lukinator1\desktop\engine\the super suspension system\project2\project2\x64\debug\boundingbox.obj
c:\users\lukinator1\desktop\engine\the super suspension system\project2\project2\x64\debug\physicsmanager.obj
c:\users\lukinator1\desktop\engine\the super suspension system\project2\project2\x64\debug\physicsobject.obj
c:\users\lukinator1\desktop\engine\the super suspension system\project2\project2\x64\debug\planecollider.obj
c:\users\lukinator1\desktop\engine\the super suspension system\project2\project2\x64\debug\boundingspherecollider.obj
c:\users\lukinator1\desktop\engine\the super suspension system\project2\project2\x64\debug\raytrace.obj
c:\users\lukinator1\desktop\engine\the super suspension system\project2\x64\debug\project2.exe
c:\users\lukinator1\desktop\engine\the super suspension system\project2\x64\debug\project2.ilk
c:\users\lukinator1\desktop\engine\the super suspension system\project2\x64\debug\project2.pdb
c:\users\lukinator1\desktop\engine\the super suspension system\project2\project2\x64\debug\resource.res
c:\users\lukinator1\desktop\engine\the super suspension system\project2\project2\x64\debug\boundingspherecollider.obj.enc
c:\users\lukinator1\desktop\engine\the super suspension system\project2\project2\x64\debug\camera.obj.enc
c:\users\lukinator1\desktop\engine\the super suspension system\project2\project2\x64\debug\input.obj.enc
c:\users\lukinator1\desktop\engine\the super suspension system\project2\project2\x64\debug\main.obj.enc
c:\users\lukinator1\desktop\engine\the super suspension system\project2\project2\x64\debug\memorymanager.obj.enc
c:\users\lukinator1\desktop\engine\the super suspension system\project2\project2\x64\debug\messaging.obj.enc
c:\users\lukinator1\desktop\engine\the super suspension system\project2\project2\x64\debug\rendermanager.obj.enc
c:\users\lukinator1\desktop\engine\the super suspension system\project2\project2\x64\debug\texture.new.obj.enc
c:\users\lukinator1\desktop\engine\the super suspension system\project2\project2\x64\debug\transforming.obj.enc
c:\users\lukinator1\desktop\engine\the super suspension system\project2\project2\x64\debug\project2.tlog\cl.command.1.tlog
c:\users\lukinator1\desktop\engine\the super suspension system\project2\project2\x64\debug\project2.tlog\cl.read.1.tlog
c:\users\lukinator1\desktop\engine\the super suspension system\project2\project2\x64\debug\project2.tlog\cl.write.1.tlog
c:\users\lukinator1\desktop\engine\the super suspension system\project2\project2\x64\debug\project2.tlog\link.command.1.tlog
c:\users\lukinator1\desktop\engine\the super suspension system\project2\project2\x64\debug\project2.tlog\link.read.1.tlog
c:\users\lukinator1\desktop\engine\the super suspension system\project2\project2\x64\debug\project2.tlog\link.write.1.tlog
c:\users\lukinator1\desktop\engine\the super suspension system\project2\project2\x64\debug\project2.tlog\rc.command.1.tlog
c:\users\lukinator1\desktop\engine\the super suspension system\project2\project2\x64\debug\project2.tlog\rc.read.1.tlog
c:\users\lukinator1\desktop\engine\the super suspension system\project2\project2\x64\debug\project2.tlog\rc.write.1.tlog
